==========================================
SLURM_JOB_ID = 531952
SLURM_NODELIST = gnode44
SLURM_JOB_GPUS = 0
==========================================
/var/spool/slurmd/job531952/slurm_script: line 10: /home/sriaish/keras/bin/activate: No such file or directory
SCS
((2, 2), (2, 2), True, 'p')
initial belief setup
variables setup
parameters setup
event trajectories setup
starting to make objective
before final
((2, 2), (2, 2), True, 'p')
objective setup
eq1
eq2
eq3
problem setup
===============================================================================
                                     CVXPY                                     
                                    v1.1.17                                    
===============================================================================
(CVXPY) Nov 17 03:30:54 AM: Your problem has 466 variables, 644 constraints, and 0 parameters.
(CVXPY) Nov 17 03:30:54 AM: It is compliant with the following grammars: 
(CVXPY) Nov 17 03:30:54 AM: (If you need to solve this problem multiple times, but with different data, consider using parameters.)
(CVXPY) Nov 17 03:30:54 AM: CVXPY will first compile your problem; then, it will invoke a numerical solver to obtain a solution.
Problem does not follow DCP rules. Specifically:
The objective is not DCP. Its following subexpressions are not:
exp(var3 + var4) @ 1.0 + exp(var3 + var5) @ 1.0 + exp(var3 + var6) @ 1.0 + exp(var3 + var7) @ 1.0 + exp(var3 + var8) @ 2.0 + exp(var9 + var10) @ 1.0 + exp(var9 + var11) @ 1.0 + exp(var9 + var12) @ 1.0 + exp(var9 + var13) @ 1.0 + exp(var9 + var14) @ 2.0 + exp(var15 + var16) @ 1.0 + exp(var15 + var17) @ 1.0 + exp(var15 + var18) @ 1.0 + exp(var15 + var19) @ 1.0 + exp(var20 + var21) @ 1.0 + exp(var20 + var22) @ 1.0 + exp(var20 + var23) @ 1.0 + exp(var20 + var24) @ 1.0 + exp(var25 + var26) @ 1.0 + exp(var25 + var27) @ 1.0 + exp(var25 + var28) @ 1.0 + exp(var25 + var29) @ 1.0 + exp(var30 + var31) @ 1.0 + exp(var30 + var32) @ 1.0 + exp(var30 + var33) @ 1.0 + exp(var30 + var34) @ 1.0 + exp(var35 + var36) @ 1.0 + exp(var35 + var37) @ 1.0 + exp(var35 + var38) @ 1.0 + exp(var35 + var39) @ 1.0 + exp(var40 + var41) @ 1.0 + exp(var40 + var42) @ 1.0 + exp(var40 + var43) @ 1.0 + exp(var40 + var44) @ 1.0 + exp(var45 + var46) @ 1.0 + exp(var45 + var47) @ 1.0 + exp(var45 + var48) @ 1.0 + exp(var45 + var49) @ 1.0 + exp(var50 + var51) @ 1.0 + exp(var50 + var52) @ 1.0 + exp(var50 + var53) @ 1.0 + exp(var50 + var54) @ 1.0 + exp(var55 + var56) @ 1.0 + exp(var55 + var57) @ 1.0 + exp(var55 + var58) @ 1.0 + exp(var55 + var59) @ 1.0 + exp(var60 + var61) @ 1.0 + exp(var60 + var62) @ 1.0 + exp(var60 + var63) @ 1.0 + exp(var60 + var64) @ 1.0 + exp(var60 + var65) @ 2.0 + exp(var66 + var67) @ 1.0 + exp(var66 + var68) @ 1.0 + exp(var66 + var69) @ 1.0 + exp(var66 + var70) @ 1.0 + exp(var66 + var71) @ 2.0 + exp(var72 + var73) @ 1.0 + exp(var72 + var74) @ 1.0 + exp(var72 + var75) @ 1.0 + exp(var72 + var76) @ 1.0 + exp(var77 + var78) @ 1.0 + exp(var77 + var79) @ 1.0 + exp(var77 + var80) @ 1.0 + exp(var77 + var81) @ 1.0 + exp(var82 + var83) @ 1.0 + exp(var82 + var84) @ 1.0 + exp(var82 + var85) @ 1.0 + exp(var82 + var86) @ 1.0 + exp(var87 + var88) @ 1.0 + exp(var87 + var89) @ 1.0 + exp(var87 + var90) @ 1.0 + exp(var87 + var91) @ 1.0 + exp(var92 + var93) @ 1.0 + exp(var92 + var94) @ 1.0 + exp(var92 + var95) @ 1.0 + exp(var92 + var96) @ 1.0 + exp(var97 + var98) @ 1.0 + exp(var97 + var99) @ 1.0 + exp(var97 + var100) @ 1.0 + exp(var97 + var101) @ 1.0 + exp(var102 + var103) @ 1.0 + exp(var102 + var104) @ 1.0 + exp(var102 + var105) @ 1.0 + exp(var102 + var106) @ 1.0 + exp(var107 + var108) @ 1.0 + exp(var107 + var109) @ 1.0 + exp(var107 + var110) @ 1.0 + exp(var107 + var111) @ 1.0 + exp(var112 + var113) @ 1.0 + exp(var112 + var114) @ 1.0 + exp(var112 + var115) @ 1.0 + exp(var112 + var116) @ 1.0 + exp(var117 + var118) @ 1.0 + exp(var117 + var119) @ 1.0 + exp(var117 + var120) @ 1.0 + exp(var117 + var121) @ 1.0 + exp(var117 + var122) @ 2.0 + exp(var123 + var124) @ 1.0 + exp(var123 + var125) @ 1.0 + exp(var123 + var126) @ 1.0 + exp(var123 + var127) @ 1.0 + exp(var123 + var128) @ 2.0 + exp(var129 + var130) @ 1.0 + exp(var129 + var131) @ 1.0 + exp(var129 + var132) @ 1.0 + exp(var129 + var133) @ 1.0 + exp(var134 + var135) @ 1.0 + exp(var134 + var136) @ 1.0 + exp(var134 + var137) @ 1.0 + exp(var134 + var138) @ 1.0 + exp(var139 + var140) @ 1.0 + exp(var139 + var141) @ 1.0 + exp(var139 + var142) @ 1.0 + exp(var139 + var143) @ 1.0 + exp(var144 + var145) @ 1.0 + exp(var144 + var146) @ 1.0 + exp(var144 + var147) @ 1.0 + exp(var144 + var148) @ 1.0 + exp(var149 + var150) @ 1.0 + exp(var149 + var151) @ 1.0 + exp(var149 + var152) @ 1.0 + exp(var149 + var153) @ 1.0 + exp(var154 + var155) @ 1.0 + exp(var154 + var156) @ 1.0 + exp(var154 + var157) @ 1.0 + exp(var154 + var158) @ 1.0 + exp(var159 + var160) @ 1.0 + exp(var159 + var161) @ 1.0 + exp(var159 + var162) @ 1.0 + exp(var159 + var163) @ 1.0 + exp(var164 + var165) @ 1.0 + exp(var164 + var166) @ 1.0 + exp(var164 + var167) @ 1.0 + exp(var164 + var168) @ 1.0 + exp(var169 + var170) @ 1.0 + exp(var169 + var171) @ 1.0 + exp(var169 + var172) @ 1.0 + exp(var169 + var173) @ 1.0 + exp(var174 + var175) @ 1.0 + exp(var174 + var176) @ 1.0 + exp(var174 + var177) @ 1.0 + exp(var174 + var178) @ 1.0 + exp(var174 + var179) @ 2.0 + exp(var180 + var181) @ 1.0 + exp(var180 + var182) @ 1.0 + exp(var180 + var183) @ 1.0 + exp(var180 + var184) @ 1.0 + exp(var180 + var185) @ 2.0 + exp(var186 + var187) @ 1.0 + exp(var186 + var188) @ 1.0 + exp(var186 + var189) @ 1.0 + exp(var186 + var190) @ 1.0 + exp(var191 + var192) @ 1.0 + exp(var191 + var193) @ 1.0 + exp(var191 + var194) @ 1.0 + exp(var191 + var195) @ 1.0 + exp(var196 + var197) @ 1.0 + exp(var196 + var198) @ 1.0 + exp(var196 + var199) @ 1.0 + exp(var196 + var200) @ 1.0 + exp(var201 + var202) @ 1.0 + exp(var201 + var203) @ 1.0 + exp(var201 + var204) @ 1.0 + exp(var201 + var205) @ 1.0 + exp(var206 + var207) @ 1.0 + exp(var206 + var208) @ 1.0 + exp(var206 + var209) @ 1.0 + exp(var206 + var210) @ 1.0 + exp(var211 + var212) @ 1.0 + exp(var211 + var213) @ 1.0 + exp(var211 + var214) @ 1.0 + exp(var211 + var215) @ 1.0 + exp(var216 + var217) @ 1.0 + exp(var216 + var218) @ 1.0 + exp(var216 + var219) @ 1.0 + exp(var216 + var220) @ 1.0 + exp(var221 + var222) @ 1.0 + exp(var221 + var223) @ 1.0 + exp(var221 + var224) @ 1.0 + exp(var221 + var225) @ 1.0 + exp(var226 + var227) @ 1.0 + exp(var226 + var228) @ 1.0 + exp(var226 + var229) @ 1.0 + exp(var226 + var230) @ 1.0 + exp(var231 + var232) @ 1.0 + exp(var231 + var233) @ 1.0 + exp(var231 + var234) @ 1.0 + exp(var231 + var235) @ 1.0 + exp(var231 + var236) @ 2.0 + exp(var237 + var238) @ 1.0 + exp(var237 + var239) @ 1.0 + exp(var237 + var240) @ 1.0 + exp(var237 + var241) @ 1.0 + exp(var237 + var242) @ 2.0 + exp(var243 + var244) @ 1.0 + exp(var243 + var245) @ 1.0 + exp(var243 + var246) @ 1.0 + exp(var243 + var247) @ 1.0 + exp(var248 + var249) @ 1.0 + exp(var248 + var250) @ 1.0 + exp(var248 + var251) @ 1.0 + exp(var248 + var252) @ 1.0 + exp(var253 + var254) @ 1.0 + exp(var253 + var255) @ 1.0 + exp(var253 + var256) @ 1.0 + exp(var253 + var257) @ 1.0 + exp(var258 + var259) @ 1.0 + exp(var258 + var260) @ 1.0 + exp(var258 + var261) @ 1.0 + exp(var258 + var262) @ 1.0 + exp(var263 + var264) @ 1.0 + exp(var263 + var265) @ 1.0 + exp(var263 + var266) @ 1.0 + exp(var263 + var267) @ 1.0 + exp(var268 + var269) @ 1.0 + exp(var268 + var270) @ 1.0 + exp(var268 + var271) @ 1.0 + exp(var268 + var272) @ 1.0 + exp(var273 + var274) @ 1.0 + exp(var273 + var275) @ 1.0 + exp(var273 + var276) @ 1.0 + exp(var273 + var277) @ 1.0 + exp(var278 + var279) @ 1.0 + exp(var278 + var280) @ 1.0 + exp(var278 + var281) @ 1.0 + exp(var278 + var282) @ 1.0 + exp(var283 + var284) @ 1.0 + exp(var283 + var285) @ 1.0 + exp(var283 + var286) @ 1.0 + exp(var283 + var287) @ 1.0 + exp(var288 + var289) @ 1.0 + exp(var288 + var290) @ 1.0 + exp(var288 + var291) @ 1.0 + exp(var288 + var292) @ 1.0 + exp(var288 + var293) @ 2.0 + exp(var294 + var295) @ 1.0 + exp(var294 + var296) @ 1.0 + exp(var294 + var297) @ 1.0 + exp(var294 + var298) @ 1.0 + exp(var294 + var299) @ 2.0 + exp(var300 + var301) @ 1.0 + exp(var300 + var302) @ 1.0 + exp(var300 + var303) @ 1.0 + exp(var300 + var304) @ 1.0 + exp(var305 + var306) @ 1.0 + exp(var305 + var307) @ 1.0 + exp(var305 + var308) @ 1.0 + exp(var305 + var309) @ 1.0 + exp(var310 + var311) @ 1.0 + exp(var310 + var312) @ 1.0 + exp(var310 + var313) @ 1.0 + exp(var310 + var314) @ 1.0 + exp(var315 + var316) @ 1.0 + exp(var315 + var317) @ 1.0 + exp(var315 + var318) @ 1.0 + exp(var315 + var319) @ 1.0 + exp(var320 + var321) @ 1.0 + exp(var320 + var322) @ 1.0 + exp(var320 + var323) @ 1.0 + exp(var320 + var324) @ 1.0 + exp(var325 + var326) @ 1.0 + exp(var325 + var327) @ 1.0 + exp(var325 + var328) @ 1.0 + exp(var325 + var329) @ 1.0 + exp(var330 + var331) @ 1.0 + exp(var330 + var332) @ 1.0 + exp(var330 + var333) @ 1.0 + exp(var330 + var334) @ 1.0 + exp(var335 + var336) @ 1.0 + exp(var335 + var337) @ 1.0 + exp(var335 + var338) @ 1.0 + exp(var335 + var339) @ 1.0 + exp(var340 + var341) @ 1.0 + exp(var340 + var342) @ 1.0 + exp(var340 + var343) @ 1.0 + exp(var340 + var344) @ 1.0 + exp(var345 + var346) @ 1.0 + exp(var345 + var347) @ 1.0 + exp(var345 + var348) @ 1.0 + exp(var345 + var349) @ 1.0 + exp(var345 + var350) @ 2.0 + exp(var351 + var352) @ 1.0 + exp(var351 + var353) @ 1.0 + exp(var351 + var354) @ 1.0 + exp(var351 + var355) @ 1.0 + exp(var351 + var356) @ 2.0 + exp(var357 + var358) @ 1.0 + exp(var357 + var359) @ 1.0 + exp(var357 + var360) @ 1.0 + exp(var357 + var361) @ 1.0 + exp(var362 + var363) @ 1.0 + exp(var362 + var364) @ 1.0 + exp(var362 + var365) @ 1.0 + exp(var362 + var366) @ 1.0 + exp(var367 + var368) @ 1.0 + exp(var367 + var369) @ 1.0 + exp(var367 + var370) @ 1.0 + exp(var367 + var371) @ 1.0 + exp(var372 + var373) @ 1.0 + exp(var372 + var374) @ 1.0 + exp(var372 + var375) @ 1.0 + exp(var372 + var376) @ 1.0 + exp(var377 + var378) @ 1.0 + exp(var377 + var379) @ 1.0 + exp(var377 + var380) @ 1.0 + exp(var377 + var381) @ 1.0 + exp(var382 + var383) @ 1.0 + exp(var382 + var384) @ 1.0 + exp(var382 + var385) @ 1.0 + exp(var382 + var386) @ 1.0 + exp(var387 + var388) @ 1.0 + exp(var387 + var389) @ 1.0 + exp(var387 + var390) @ 1.0 + exp(var387 + var391) @ 1.0 + exp(var392 + var393) @ 1.0 + exp(var392 + var394) @ 1.0 + exp(var392 + var395) @ 1.0 + exp(var392 + var396) @ 1.0 + exp(var397 + var398) @ 1.0 + exp(var397 + var399) @ 1.0 + exp(var397 + var400) @ 1.0 + exp(var397 + var401) @ 1.0 + exp(var402 + var403) @ 1.0 + exp(var402 + var404) @ 1.0 + exp(var402 + var405) @ 1.0 + exp(var402 + var406) @ 1.0 + exp(var402 + var407) @ 2.0 + exp(var408 + var409) @ 1.0 + exp(var408 + var410) @ 1.0 + exp(var408 + var411) @ 1.0 + exp(var408 + var412) @ 1.0 + exp(var408 + var413) @ 2.0 + exp(var414 + var415) @ 1.0 + exp(var414 + var416) @ 1.0 + exp(var414 + var417) @ 1.0 + exp(var414 + var418) @ 1.0 + exp(var419 + var420) @ 1.0 + exp(var419 + var421) @ 1.0 + exp(var419 + var422) @ 1.0 + exp(var419 + var423) @ 1.0 + exp(var424 + var425) @ 1.0 + exp(var424 + var426) @ 1.0 + exp(var424 + var427) @ 1.0 + exp(var424 + var428) @ 1.0 + exp(var429 + var430) @ 1.0 + exp(var429 + var431) @ 1.0 + exp(var429 + var432) @ 1.0 + exp(var429 + var433) @ 1.0 + exp(var434 + var435) @ 1.0 + exp(var434 + var436) @ 1.0 + exp(var434 + var437) @ 1.0 + exp(var434 + var438) @ 1.0 + exp(var439 + var440) @ 1.0 + exp(var439 + var441) @ 1.0 + exp(var439 + var442) @ 1.0 + exp(var439 + var443) @ 1.0 + exp(var444 + var445) @ 1.0 + exp(var444 + var446) @ 1.0 + exp(var444 + var447) @ 1.0 + exp(var444 + var448) @ 1.0 + exp(var449 + var450) @ 1.0 + exp(var449 + var451) @ 1.0 + exp(var449 + var452) @ 1.0 + exp(var449 + var453) @ 1.0 + exp(var454 + var455) @ 1.0 + exp(var454 + var456) @ 1.0 + exp(var454 + var457) @ 1.0 + exp(var454 + var458) @ 1.0 + exp(var460 + var461) @ 1.0 + exp(var460 + var462) @ 1.0 + exp(var460 + var463) @ 1.0 + exp(var460 + var464) @ 1.0 + exp(var460 + var465) @ -8.0 + var0 + var1 + var2
((0, 0), (0, 0), False, 'p')
AttributeError: 'NoneType' object has no attribute 'exp'

The above exception was the direct cause of the following exception:

Traceback (most recent call last):
  File "planningAgent.py", line 148, in <module>
    agent.print_policy()
  File "planningAgent.py", line 143, in print_policy
    print(j, np.exp(self.pi[i][j].value))
TypeError: loop of ufunc does not support argument 0 of type NoneType which has no callable exp method
