==========================================
SLURM_JOB_ID = 532598
SLURM_NODELIST = gnode33
SLURM_JOB_GPUS = 0
==========================================
/var/spool/slurmd/job532598/slurm_script: line 10: /home/sriaish/keras/bin/activate: No such file or directory
SCS
relaxed 3rd slack
((2, 2), (2, 2), True, 'p')
initial belief setup
variables setup
parameters setup
event trajectories setup
starting to make objective
before final
((2, 2), (2, 2), True, 'p')
objective setup
eq1
eq2
eq3
problem setup
===============================================================================
                                     CVXPY                                     
                                    v1.1.17                                    
===============================================================================
(CVXPY) Nov 18 02:05:30 AM: Your problem has 463 variables, 644 constraints, and 0 parameters.
(CVXPY) Nov 18 02:05:36 AM: It is compliant with the following grammars: DCP, DQCP
(CVXPY) Nov 18 02:05:36 AM: (If you need to solve this problem multiple times, but with different data, consider using parameters.)
(CVXPY) Nov 18 02:05:36 AM: CVXPY will first compile your problem; then, it will invoke a numerical solver to obtain a solution.
-------------------------------------------------------------------------------
                                  Compilation                                  
-------------------------------------------------------------------------------
(CVXPY) Nov 18 02:05:41 AM: Compiling problem (target solver=SCS).
(CVXPY) Nov 18 02:05:41 AM: Reduction chain: Dcp2Cone -> CvxAttr2Constr -> ConeMatrixStuffing -> SCS
(CVXPY) Nov 18 02:05:41 AM: Applying reduction Dcp2Cone
(CVXPY) Nov 18 02:05:51 AM: Applying reduction CvxAttr2Constr
(CVXPY) Nov 18 02:05:52 AM: Applying reduction ConeMatrixStuffing
(CVXPY) Nov 18 02:06:22 AM: Applying reduction SCS
(CVXPY) Nov 18 02:07:21 AM: Finished problem compilation (took 1.050e+02 seconds).
-------------------------------------------------------------------------------
                                Numerical solver                               
-------------------------------------------------------------------------------
(CVXPY) Nov 18 02:07:21 AM: Invoking solver SCS  to obtain a solution.
----------------------------------------------------------------------------
	SCS v2.1.4 - Splitting Conic Solver
	(c) Brendan O'Donoghue, Stanford University, 2012
----------------------------------------------------------------------------
Lin-sys: sparse-direct, nnz in A = 106591
eps = 1.00e-04, alpha = 1.50, max_iters = 5000, normalize = 1, scale = 1.00
acceleration_lookback = 10, rho_x = 1.00e-03
Variables n = 35242, constraints m = 104981
Cones:	linear vars: 644
	exp vars: 104337, dual exp vars: 0
Setup time: 6.76e-02s
----------------------------------------------------------------------------
 Iter | pri res | dua res | rel gap | pri obj | dua obj | kap/tau | time (s)
----------------------------------------------------------------------------
     0| 2.49e+21  2.55e+22  1.00e+00 -4.73e+24  6.89e+24  5.60e+24  5.46e-01 
   100| 5.92e+15  1.08e+17  9.12e-02  3.83e+23  4.60e+23  7.69e+22  1.82e+01 
   120| 7.04e+14  1.05e+16  9.08e-02  3.83e+23  4.60e+23  7.66e+22  2.11e+01 
----------------------------------------------------------------------------
Status: Infeasible
Timing: Solve time: 2.11e+01s
	Lin-sys: nnz in L factor: 247576, avg solve time: 2.09e-03s
	Cones: avg projection time: 1.44e-01s
	Acceleration: avg step time: 2.44e-02s
----------------------------------------------------------------------------
Certificate of primal infeasibility:
dist(y, K*) = 0.0000e+00
|A'y|_2 * |b|_2 = 9.4686e-05
b'y = -1.0000
============================================================================
-------------------------------------------------------------------------------
                                    Summary                                    
-------------------------------------------------------------------------------
(CVXPY) Nov 18 02:07:42 AM: Problem status: infeasible
(CVXPY) Nov 18 02:07:42 AM: Optimal value: inf
(CVXPY) Nov 18 02:07:42 AM: Compilation took 1.050e+02 seconds
(CVXPY) Nov 18 02:07:42 AM: Solver (including time spent in interface) took 2.118e+01 seconds
((0, 0), (0, 0), False, 'p')
AttributeError: 'NoneType' object has no attribute 'exp'

The above exception was the direct cause of the following exception:

Traceback (most recent call last):
  File "planningAgent.py", line 160, in <module>
    agent.print_policy()
  File "planningAgent.py", line 147, in print_policy
    v = np.exp(self.pi[i][j].value)
TypeError: loop of ufunc does not support argument 0 of type NoneType which has no callable exp method
